Starting Sydney What’s On sync for [culture] tag...
(node:84400) [DEP0040] DeprecationWarning: The `punycode` module is deprecated. Please use a userland alternative instead.
(Use `node --trace-deprecation ...` to show where the warning was created)
Found 75 culture events from What's On.
Error during Sydney What’s On event sync: Error: Unable to detect a Project Id in the current environment. 
To learn more about authentication and Google APIs, visit: 
https://cloud.google.com/docs/authentication/getting-started
    at GoogleAuth.findAndCacheProjectId (/Users/wedoboring/Documents/CultureOS/CulturePassApp/functions/node_modules/google-auth-library/build/src/auth/googleauth.js:170:19)
    at processTicksAndRejections (node:internal/process/task_queues:103:5)
    at async Firestore.initializeIfNeeded (/Users/wedoboring/Documents/CultureOS/CulturePassApp/functions/node_modules/@google-cloud/firestore/build/src/index.js:1201:35)
    at async WriteBatch._commit (/Users/wedoboring/Documents/CultureOS/CulturePassApp/functions/node_modules/@google-cloud/firestore/build/src/write-batch.js:469:9)
    at async runScraper (/Users/wedoboring/Documents/CultureOS/CulturePassApp/functions/scripts/runScraper.ts:87:5)
Caused by: Error
    at _firestore._traceUtil.startActiveSpan (/Users/wedoboring/Documents/CultureOS/CulturePassApp/functions/node_modules/@google-cloud/firestore/build/src/write-batch.js:438:27)
    at /Users/wedoboring/Documents/CultureOS/CulturePassApp/functions/node_modules/@google-cloud/firestore/build/src/telemetry/enabled-trace-util.js:110:30
    at NoopContextManager.with (/Users/wedoboring/Documents/CultureOS/CulturePassApp/functions/node_modules/@opentelemetry/api/src/context/NoopContextManager.ts:31:15)
    at ContextAPI.with (/Users/wedoboring/Documents/CultureOS/CulturePassApp/functions/node_modules/@opentelemetry/api/src/api/context.ts:77:42)
    at NoopTracer.startActiveSpan (/Users/wedoboring/Documents/CultureOS/CulturePassApp/functions/node_modules/@opentelemetry/api/src/trace/NoopTracer.ts:98:27)
    at ProxyTracer.startActiveSpan (/Users/wedoboring/Documents/CultureOS/CulturePassApp/functions/node_modules/@opentelemetry/api/src/trace/ProxyTracer.ts:51:20)
    at EnabledTraceUtil.startActiveSpan (/Users/wedoboring/Documents/CultureOS/CulturePassApp/functions/node_modules/@google-cloud/firestore/build/src/telemetry/enabled-trace-util.js:102:28)
    at WriteBatch.commit (/Users/wedoboring/Documents/CultureOS/CulturePassApp/functions/node_modules/@google-cloud/firestore/build/src/write-batch.js:436:43)
    at runScraper (/Users/wedoboring/Documents/CultureOS/CulturePassApp/functions/scripts/runScraper.ts:87:17)
    at processTicksAndRejections (node:internal/process/task_queues:103:5)
