[debug] [2026-03-23T23:17:13.180Z] ----------------------------------------------------------------------
[debug] [2026-03-23T23:17:13.187Z] Command:       /opt/homebrew/Cellar/node/25.6.1_1/bin/node /opt/homebrew/bin/firebase deploy --only functions
[debug] [2026-03-23T23:17:13.187Z] CLI Version:   15.8.0
[debug] [2026-03-23T23:17:13.187Z] Platform:      darwin
[debug] [2026-03-23T23:17:13.187Z] Node Version:  v25.6.1
[debug] [2026-03-23T23:17:13.187Z] Time:          Tue Mar 24 2026 10:17:13 GMT+1100 (Australian Eastern Daylight Time)
[debug] [2026-03-23T23:17:13.187Z] ----------------------------------------------------------------------
[debug] 
[debug] [2026-03-23T23:17:14.102Z] > command requires scopes: ["email","openid","https://www.googleapis.com/auth/cloudplatformprojects.readonly","https://www.googleapis.com/auth/firebase","https://www.googleapis.com/auth/cloud-platform"]
[debug] [2026-03-23T23:17:14.103Z] > authorizing via signed-in user (cultureos.co@gmail.com)
[debug] [2026-03-23T23:17:14.103Z] [iam] checking project culturepass-b5f96 for permissions ["cloudfunctions.functions.create","cloudfunctions.functions.delete","cloudfunctions.functions.get","cloudfunctions.functions.list","cloudfunctions.functions.update","cloudfunctions.operations.get","firebase.projects.get"]
[debug] [2026-03-23T23:17:14.103Z] Checked if tokens are valid: false, expires at: 1774285263078
[debug] [2026-03-23T23:17:14.103Z] Checked if tokens are valid: false, expires at: 1774285263078
[debug] [2026-03-23T23:17:14.103Z] > refreshing access token with scopes: []
[debug] [2026-03-23T23:17:14.105Z] >>> [apiv2][query] POST https://www.googleapis.com/oauth2/v3/token [none]
[debug] [2026-03-23T23:17:14.105Z] >>> [apiv2][body] POST https://www.googleapis.com/oauth2/v3/token [omitted]
[debug] [2026-03-23T23:17:14.396Z] <<< [apiv2][status] POST https://www.googleapis.com/oauth2/v3/token 200
[debug] [2026-03-23T23:17:14.396Z] <<< [apiv2][body] POST https://www.googleapis.com/oauth2/v3/token [omitted]
[debug] [2026-03-23T23:17:14.410Z] >>> [apiv2][query] POST https://cloudresourcemanager.googleapis.com/v1/projects/culturepass-b5f96:testIamPermissions [none]
[debug] [2026-03-23T23:17:14.410Z] >>> [apiv2][(partial)header] POST https://cloudresourcemanager.googleapis.com/v1/projects/culturepass-b5f96:testIamPermissions  x-goog-user-project=culturepass-b5f96
[debug] [2026-03-23T23:17:14.410Z] >>> [apiv2][body] POST https://cloudresourcemanager.googleapis.com/v1/projects/culturepass-b5f96:testIamPermissions {"permissions":["cloudfunctions.functions.create","cloudfunctions.functions.delete","cloudfunctions.functions.get","cloudfunctions.functions.list","cloudfunctions.functions.update","cloudfunctions.operations.get","firebase.projects.get"]}
[debug] [2026-03-23T23:17:15.636Z] <<< [apiv2][status] POST https://cloudresourcemanager.googleapis.com/v1/projects/culturepass-b5f96:testIamPermissions 200
[debug] [2026-03-23T23:17:15.636Z] <<< [apiv2][body] POST https://cloudresourcemanager.googleapis.com/v1/projects/culturepass-b5f96:testIamPermissions {"permissions":["cloudfunctions.functions.create","cloudfunctions.functions.delete","cloudfunctions.functions.get","cloudfunctions.functions.list","cloudfunctions.functions.update","cloudfunctions.operations.get","firebase.projects.get"]}
[debug] [2026-03-23T23:17:15.636Z] Checked if tokens are valid: true, expires at: 1774311433396
[debug] [2026-03-23T23:17:15.636Z] Checked if tokens are valid: true, expires at: 1774311433396
[debug] [2026-03-23T23:17:15.636Z] >>> [apiv2][query] POST https://iam.googleapis.com/v1/projects/culturepass-b5f96/serviceAccounts/culturepass-b5f96@appspot.gserviceaccount.com:testIamPermissions [none]
[debug] [2026-03-23T23:17:15.636Z] >>> [apiv2][body] POST https://iam.googleapis.com/v1/projects/culturepass-b5f96/serviceAccounts/culturepass-b5f96@appspot.gserviceaccount.com:testIamPermissions {"permissions":["iam.serviceAccounts.actAs"]}
[debug] [2026-03-23T23:17:16.171Z] <<< [apiv2][status] POST https://iam.googleapis.com/v1/projects/culturepass-b5f96/serviceAccounts/culturepass-b5f96@appspot.gserviceaccount.com:testIamPermissions 200
[debug] [2026-03-23T23:17:16.172Z] <<< [apiv2][body] POST https://iam.googleapis.com/v1/projects/culturepass-b5f96/serviceAccounts/culturepass-b5f96@appspot.gserviceaccount.com:testIamPermissions {"permissions":["iam.serviceAccounts.actAs"]}
[info] 
[info] === Deploying to 'culturepass-b5f96'...
[info] 
[info] i  deploying functions 
[info] Running command: npm --prefix "$RESOURCE_DIR" run build
[info] ✔  functions: Finished running predeploy script. 
[debug] [2026-03-23T23:17:22.536Z] Checked if tokens are valid: true, expires at: 1774311433396
[debug] [2026-03-23T23:17:22.536Z] Checked if tokens are valid: true, expires at: 1774311433396
[debug] [2026-03-23T23:17:22.536Z] >>> [apiv2][query] GET https://cloudresourcemanager.googleapis.com/v1/projects/culturepass-b5f96 [none]
[debug] [2026-03-23T23:17:23.649Z] <<< [apiv2][status] GET https://cloudresourcemanager.googleapis.com/v1/projects/culturepass-b5f96 200
[debug] [2026-03-23T23:17:23.649Z] <<< [apiv2][body] GET https://cloudresourcemanager.googleapis.com/v1/projects/culturepass-b5f96 {"projectNumber":"59873729209","projectId":"culturepass-b5f96","lifecycleState":"ACTIVE","name":"CulturePass","labels":{"firebase":"enabled","firebase-core":"disabled"},"createTime":"2026-03-03T11:13:30.154773Z"}
[info] i  functions: preparing codebase default for deployment 
[info] i  functions: ensuring required API cloudfunctions.googleapis.com is enabled... 
[info] i  functions: ensuring required API cloudbuild.googleapis.com is enabled... 
[info] i  artifactregistry: ensuring required API artifactregistry.googleapis.com is enabled... 
[debug] [2026-03-23T23:17:23.651Z] Checked if tokens are valid: true, expires at: 1774311433396
[debug] [2026-03-23T23:17:23.651Z] Checked if tokens are valid: true, expires at: 1774311433396
[debug] [2026-03-23T23:17:23.651Z] >>> [apiv2][query] GET https://firebase.googleapis.com/v1beta1/projects/culturepass-b5f96/adminSdkConfig [none]
[debug] [2026-03-23T23:17:24.705Z] <<< [apiv2][status] GET https://firebase.googleapis.com/v1beta1/projects/culturepass-b5f96/adminSdkConfig 200
[debug] [2026-03-23T23:17:24.705Z] <<< [apiv2][body] GET https://firebase.googleapis.com/v1beta1/projects/culturepass-b5f96/adminSdkConfig {"projectId":"culturepass-b5f96","storageBucket":"culturepass-b5f96.firebasestorage.app"}
[debug] [2026-03-23T23:17:24.706Z] Checked if tokens are valid: true, expires at: 1774311433396
[debug] [2026-03-23T23:17:24.706Z] Checked if tokens are valid: true, expires at: 1774311433396
[debug] [2026-03-23T23:17:24.706Z] >>> [apiv2][query] GET https://runtimeconfig.googleapis.com/v1beta1/projects/culturepass-b5f96/configs [none]
[debug] [2026-03-23T23:17:25.298Z] <<< [apiv2][status] GET https://runtimeconfig.googleapis.com/v1beta1/projects/culturepass-b5f96/configs 200
[debug] [2026-03-23T23:17:25.298Z] <<< [apiv2][body] GET https://runtimeconfig.googleapis.com/v1beta1/projects/culturepass-b5f96/configs {}
[debug] [2026-03-23T23:17:25.299Z] Validating nodejs source
[debug] [2026-03-23T23:17:25.873Z] > [functions] package.json contents: {
  "name": "functions",
  "scripts": {
    "build": "tsc && mkdir -p lib/functions/src/data && cp src/data/AllCouncilsList.csv lib/functions/src/data/",
    "typecheck": "tsc --noEmit",
    "lint": "eslint \"src/**/*.ts\"",
    "build:watch": "tsc --watch",
    "serve": "npm run build && firebase emulators:start --only functions",
    "shell": "npm run build && firebase functions:shell",
    "start": "npm run shell",
    "deploy": "firebase deploy --only functions",
    "logs": "firebase functions:log",
    "seed:councils:dry": "node scripts/uploadCouncils.js --dry-run",
    "seed:councils:dry:dev": "node scripts/uploadCouncils.js --dry-run --allow-limited-states",
    "seed:councils": "node scripts/uploadCouncils.js",
    "seed:indigenous:dry": "node scripts/seedIndigenousCulture.js --dry-run",
    "seed:indigenous": "node scripts/seedIndigenousCulture.js"
  },
  "engines": {
    "node": "22"
  },
  "main": "lib/functions/src/index.js",
  "dependencies": {
    "@tootallnate/once": "3.0.1",
    "algoliasearch": "^5.49.2",
    "cheerio": "^1.2.0",
    "express": "^5.0.1",
    "express-rate-limit": "^7.5.0",
    "firebase-admin": "^13.7.0",
    "firebase-functions": "^7.0.6",
    "geofire-common": "^6.0.0",
    "jsonwebtoken": "^9.0.3",
    "multer": "^2.1.1",
    "passkit-generator": "^3.5.7",
    "sharp": "^0.34.5",
    "stripe": "^20.0.0",
    "zod": "^3.24.2"
  },
  "devDependencies": {
    "@types/express": "^5.0.0",
    "@types/jest": "^29.5.14",
    "@types/jsonwebtoken": "^9.0.10",
    "@types/multer": "^1.4.13",
    "@types/node": "^22.0.0",
    "firebase-functions-test": "^3.4.1",
    "jest": "~29.7.0",
    "ts-jest": "^29.4.6",
    "typescript": "^5.7.3"
  },
  "private": true,
  "overrides": {
    "@tootallnate/once@<=3.0.1": "3.0.1"
  }
}
[debug] [2026-03-23T23:17:25.873Z] Building nodejs source
[info] i  functions: Loading and analyzing source code for codebase default to determine what to deploy 
[debug] [2026-03-23T23:17:25.874Z] Could not find functions.yaml. Must use http discovery
[debug] [2026-03-23T23:17:25.881Z] Found firebase-functions binary at '/Users/wedoboring/Documents/CultureOS/DevX/CulturePassApp/functions/node_modules/.bin/firebase-functions'
[info] Serving at port 8813

[error] (node:37698) [DEP0040] DeprecationWarning: The `punycode` module is deprecated. Please use a userland alternative instead.
(Use `node --trace-deprecation ...` to show where the warning was created)

[debug] [2026-03-23T23:17:26.623Z] Got response from /__/functions.yaml {"endpoints":{"api":{"availableMemoryMb":null,"timeoutSeconds":null,"minInstances":null,"maxInstances":null,"ingressSettings":null,"concurrency":null,"serviceAccountEmail":null,"vpc":null,"platform":"gcfv2","labels":{},"httpsTrigger":{},"entryPoint":"api"},"onEventWritten":{"availableMemoryMb":null,"timeoutSeconds":null,"minInstances":null,"maxInstances":null,"ingressSettings":null,"concurrency":null,"serviceAccountEmail":null,"vpc":null,"platform":"gcfv2","labels":{},"eventTrigger":{"eventType":"google.cloud.firestore.document.v1.written","eventFilters":{"database":"(default)","namespace":"(default)"},"eventFilterPathPatterns":{"document":"events/{eventId}"},"retry":false},"entryPoint":"onEventWritten"},"syncSydneyWhatsOn":{"availableMemoryMb":null,"timeoutSeconds":null,"minInstances":null,"maxInstances":null,"ingressSettings":null,"concurrency":null,"serviceAccountEmail":null,"vpc":null,"platform":"gcfv2","labels":{},"scheduleTrigger":{"schedule":"every 12 hours","retryConfig":{"retryCount":null,"maxDoublings":null,"maxRetrySeconds":null,"minBackoffSeconds":null,"maxBackoffSeconds":null},"timeZone":null},"entryPoint":"syncSydneyWhatsOn"}},"specVersion":"v1alpha1","requiredAPIs":[{"api":"cloudscheduler.googleapis.com","reason":"Needed for scheduled functions."}],"extensions":{}}
[info] i  extensions: ensuring required API firebaseextensions.googleapis.com is enabled... 
[debug] [2026-03-23T23:17:30.649Z] > command requires scopes: ["email","openid","https://www.googleapis.com/auth/cloudplatformprojects.readonly","https://www.googleapis.com/auth/firebase","https://www.googleapis.com/auth/cloud-platform"]
[debug] [2026-03-23T23:17:30.649Z] > authorizing via signed-in user (cultureos.co@gmail.com)
[debug] [2026-03-23T23:17:30.649Z] [iam] checking project culturepass-b5f96 for permissions ["firebase.projects.get","firebaseextensions.instances.list"]
[debug] [2026-03-23T23:17:30.649Z] Checked if tokens are valid: true, expires at: 1774311433396
[debug] [2026-03-23T23:17:30.649Z] Checked if tokens are valid: true, expires at: 1774311433396
[debug] [2026-03-23T23:17:30.649Z] >>> [apiv2][query] POST https://cloudresourcemanager.googleapis.com/v1/projects/culturepass-b5f96:testIamPermissions [none]
[debug] [2026-03-23T23:17:30.649Z] >>> [apiv2][(partial)header] POST https://cloudresourcemanager.googleapis.com/v1/projects/culturepass-b5f96:testIamPermissions  x-goog-user-project=culturepass-b5f96
[debug] [2026-03-23T23:17:30.649Z] >>> [apiv2][body] POST https://cloudresourcemanager.googleapis.com/v1/projects/culturepass-b5f96:testIamPermissions {"permissions":["firebase.projects.get","firebaseextensions.instances.list"]}
[debug] [2026-03-23T23:17:30.997Z] <<< [apiv2][status] POST https://cloudresourcemanager.googleapis.com/v1/projects/culturepass-b5f96:testIamPermissions 200
[debug] [2026-03-23T23:17:30.997Z] <<< [apiv2][body] POST https://cloudresourcemanager.googleapis.com/v1/projects/culturepass-b5f96:testIamPermissions {"permissions":["firebase.projects.get","firebaseextensions.instances.list"]}
[debug] [2026-03-23T23:17:30.998Z] Checked if tokens are valid: true, expires at: 1774311433396
[debug] [2026-03-23T23:17:30.998Z] Checked if tokens are valid: true, expires at: 1774311433396
[debug] [2026-03-23T23:17:30.998Z] >>> [apiv2][query] GET https://firebaseextensions.googleapis.com/v1beta/projects/culturepass-b5f96/instances pageSize=100&pageToken=
[debug] [2026-03-23T23:17:32.415Z] <<< [apiv2][status] GET https://firebaseextensions.googleapis.com/v1beta/projects/culturepass-b5f96/instances 200
[debug] [2026-03-23T23:17:32.415Z] <<< [apiv2][body] GET https://firebaseextensions.googleapis.com/v1beta/projects/culturepass-b5f96/instances {}
[info] i  functions: Loaded environment variables from .env. 
[info] i  functions: preparing functions directory for uploading... 
[info] i  functions: packaged /Users/wedoboring/Documents/CultureOS/DevX/CulturePassApp/functions (541.38 KB) for uploading 
[debug] [2026-03-23T23:17:32.565Z] Checked if tokens are valid: true, expires at: 1774311433396
[debug] [2026-03-23T23:17:32.565Z] Checked if tokens are valid: true, expires at: 1774311433396
[debug] [2026-03-23T23:17:32.565Z] >>> [apiv2][query] GET https://cloudfunctions.googleapis.com/v1/projects/culturepass-b5f96/locations/-/functions [none]
[debug] [2026-03-23T23:17:33.690Z] <<< [apiv2][status] GET https://cloudfunctions.googleapis.com/v1/projects/culturepass-b5f96/locations/-/functions 200
[debug] [2026-03-23T23:17:33.691Z] <<< [apiv2][body] GET https://cloudfunctions.googleapis.com/v1/projects/culturepass-b5f96/locations/-/functions {}
[debug] [2026-03-23T23:17:33.691Z] Checked if tokens are valid: true, expires at: 1774311433396
[debug] [2026-03-23T23:17:33.691Z] Checked if tokens are valid: true, expires at: 1774311433396
[debug] [2026-03-23T23:17:33.692Z] >>> [apiv2][query] GET https://cloudfunctions.googleapis.com/v2/projects/culturepass-b5f96/locations/-/functions filter=environment%3D%22GEN_2%22
[debug] [2026-03-23T23:17:35.511Z] <<< [apiv2][status] GET https://cloudfunctions.googleapis.com/v2/projects/culturepass-b5f96/locations/-/functions 200
[debug] [2026-03-23T23:17:35.512Z] <<< [apiv2][body] GET https://cloudfunctions.googleapis.com/v2/projects/culturepass-b5f96/locations/-/functions {"functions":[{"name":"projects/culturepass-b5f96/locations/us-central1/functions/onEventWritten","buildConfig":{"build":"projects/59873729209/locations/us-central1/builds/4828b0db-5e0f-4ec6-ba9f-e4d1d701f1d1","runtime":"nodejs22","entryPoint":"onEventWritten","source":{"storageSource":{"bucket":"gcf-v2-sources-59873729209-us-central1","object":"onEventWritten/function-source.zip","generation":"1774272363878841"}},"environmentVariables":{"GOOGLE_NODE_RUN_SCRIPTS":""},"dockerRepository":"projects/culturepass-b5f96/locations/us-central1/repositories/gcf-artifacts","sourceProvenance":{"resolvedStorageSource":{"bucket":"gcf-v2-sources-59873729209-us-central1","object":"onEventWritten/function-source.zip","generation":"1774272363878841"}},"dockerRegistry":"ARTIFACT_REGISTRY","serviceAccount":"projects/culturepass-b5f96/serviceAccounts/59873729209-compute@developer.gserviceaccount.com","automaticUpdatePolicy":{}},"serviceConfig":{"service":"projects/culturepass-b5f96/locations/us-central1/services/oneventwritten","timeoutSeconds":60,"environmentVariables":{"ROLLOUT_PHASE":"full","FIREBASE_CONFIG":"{\"projectId\":\"culturepass-b5f96\",\"storageBucket\":\"culturepass-b5f96.firebasestorage.app\"}","GCLOUD_PROJECT":"culturepass-b5f96","EVENTARC_CLOUD_EVENT_SOURCE":"projects/culturepass-b5f96/locations/us-central1/services/onEventWritten","FUNCTION_SIGNATURE_TYPE":"cloudevent","FUNCTION_TARGET":"onEventWritten","LOG_EXECUTION_ID":"true"},"maxInstanceCount":3,"ingressSettings":"ALLOW_ALL","uri":"https://oneventwritten-ipgxc4ftpa-uc.a.run.app","serviceAccountEmail":"59873729209-compute@developer.gserviceaccount.com","availableMemory":"256Mi","allTrafficOnLatestRevision":true,"revision":"oneventwritten-00024-jen","maxInstanceRequestConcurrency":80,"availableCpu":"1"},"eventTrigger":{"trigger":"projects/culturepass-b5f96/locations/australia-southeast1/triggers/oneventwritten-853298","triggerRegion":"australia-southeast1","eventType":"google.cloud.firestore.document.v1.written","eventFilters":[{"attribute":"document","value":"events/{eventId}","operator":"match-path-pattern"},{"attribute":"database","value":"(default)"},{"attribute":"namespace","value":"(default)"}],"pubsubTopic":"projects/culturepass-b5f96/topics/eventarc-australia-southeast1-oneventwritten-853298-712","serviceAccountEmail":"59873729209-compute@developer.gserviceaccount.com","retryPolicy":"RETRY_POLICY_DO_NOT_RETRY"},"state":"ACTIVE","updateTime":"2026-03-23T13:26:12.414115064Z","labels":{"deployment-tool":"cli-firebase","firebase-functions-hash":"3227c4779d56058f7f12773e6231ef455caa9c7f"},"environment":"GEN_2","url":"https://us-central1-culturepass-b5f96.cloudfunctions.net/onEventWritten","createTime":"2026-03-12T23:29:31.852153023Z","satisfiesPzi":true},{"name":"projects/culturepass-b5f96/locations/us-central1/functions/syncSydneyWhatsOn","buildConfig":{"build":"projects/59873729209/locations/us-central1/builds/4828b0db-5e0f-4ec6-ba9f-e4d1d701f1d1","runtime":"nodejs22","entryPoint":"syncSydneyWhatsOn","source":{"storageSource":{"bucket":"gcf-v2-sources-59873729209-us-central1","object":"syncSydneyWhatsOn/function-source.zip","generation":"1774272363492161"}},"environmentVariables":{"GOOGLE_NODE_RUN_SCRIPTS":""},"dockerRepository":"projects/culturepass-b5f96/locations/us-central1/repositories/gcf-artifacts","sourceProvenance":{"resolvedStorageSource":{"bucket":"gcf-v2-sources-59873729209-us-central1","object":"syncSydneyWhatsOn/function-source.zip","generation":"1774272363492161"}},"dockerRegistry":"ARTIFACT_REGISTRY","serviceAccount":"projects/culturepass-b5f96/serviceAccounts/59873729209-compute@developer.gserviceaccount.com","automaticUpdatePolicy":{}},"serviceConfig":{"service":"projects/culturepass-b5f96/locations/us-central1/services/syncsydneywhatson","timeoutSeconds":60,"environmentVariables":{"ROLLOUT_PHASE":"full","FIREBASE_CONFIG":"{\"projectId\":\"culturepass-b5f96\",\"storageBucket\":\"culturepass-b5f96.firebasestorage.app\"}","GCLOUD_PROJECT":"culturepass-b5f96","EVENTARC_CLOUD_EVENT_SOURCE":"projects/culturepass-b5f96/locations/us-central1/services/syncSydneyWhatsOn","FUNCTION_TARGET":"syncSydneyWhatsOn","LOG_EXECUTION_ID":"true","FUNCTION_SIGNATURE_TYPE":"http"},"maxInstanceCount":3,"ingressSettings":"ALLOW_ALL","uri":"https://syncsydneywhatson-ipgxc4ftpa-uc.a.run.app","serviceAccountEmail":"59873729209-compute@developer.gserviceaccount.com","availableMemory":"256Mi","allTrafficOnLatestRevision":true,"revision":"syncsydneywhatson-00012-yuq","maxInstanceRequestConcurrency":80,"availableCpu":"1"},"state":"ACTIVE","updateTime":"2026-03-23T13:26:13.798259251Z","labels":{"firebase-functions-hash":"3227c4779d56058f7f12773e6231ef455caa9c7f","deployment-tool":"cli-firebase","deployment-scheduled":"true"},"environment":"GEN_2","url":"https://us-central1-culturepass-b5f96.cloudfunctions.net/syncSydneyWhatsOn","createTime":"2026-03-19T05:10:58.995007396Z","satisfiesPzi":true},{"name":"projects/culturepass-b5f96/locations/us-central1/functions/api","buildConfig":{"build":"projects/59873729209/locations/us-central1/builds/4828b0db-5e0f-4ec6-ba9f-e4d1d701f1d1","runtime":"nodejs22","entryPoint":"api","source":{"storageSource":{"bucket":"gcf-v2-sources-59873729209-us-central1","object":"api/function-source.zip","generation":"1774272301841179"}},"environmentVariables":{"GOOGLE_NODE_RUN_SCRIPTS":""},"dockerRepository":"projects/culturepass-b5f96/locations/us-central1/repositories/gcf-artifacts","sourceProvenance":{"resolvedStorageSource":{"bucket":"gcf-v2-sources-59873729209-us-central1","object":"api/function-source.zip","generation":"1774272301841179"}},"dockerRegistry":"ARTIFACT_REGISTRY","serviceAccount":"projects/culturepass-b5f96/serviceAccounts/59873729209-compute@developer.gserviceaccount.com","automaticUpdatePolicy":{}},"serviceConfig":{"service":"projects/culturepass-b5f96/locations/us-central1/services/api","timeoutSeconds":60,"environmentVariables":{"ROLLOUT_PHASE":"full","FIREBASE_CONFIG":"{\"projectId\":\"culturepass-b5f96\",\"storageBucket\":\"culturepass-b5f96.firebasestorage.app\"}","GCLOUD_PROJECT":"culturepass-b5f96","EVENTARC_CLOUD_EVENT_SOURCE":"projects/culturepass-b5f96/locations/us-central1/services/api","FUNCTION_TARGET":"api","LOG_EXECUTION_ID":"true"},"maxInstanceCount":3,"ingressSettings":"ALLOW_ALL","uri":"https://api-ipgxc4ftpa-uc.a.run.app","serviceAccountEmail":"59873729209-compute@developer.gserviceaccount.com","availableMemory":"256Mi","allTrafficOnLatestRevision":true,"revision":"api-00052-mey","maxInstanceRequestConcurrency":80,"availableCpu":"1"},"state":"ACTIVE","updateTime":"2026-03-23T13:26:01.557950702Z","labels":{"deployment-tool":"cli-firebase","firebase-functions-hash":"3227c4779d56058f7f12773e6231ef455caa9c7f"},"environment":"GEN_2","url":"https://us-central1-culturepass-b5f96.cloudfunctions.net/api","createTime":"2026-03-03T12:11:58.041537643Z","satisfiesPzi":true}]}
[debug] [2026-03-23T23:17:35.514Z] Checked if tokens are valid: true, expires at: 1774311433396
[debug] [2026-03-23T23:17:35.514Z] Checked if tokens are valid: true, expires at: 1774311433396
[debug] [2026-03-23T23:17:35.514Z] >>> [apiv2][query] GET https://firestore.googleapis.com/v1/projects/culturepass-b5f96/databases/(default) [none]
[debug] [2026-03-23T23:17:35.887Z] <<< [apiv2][status] GET https://firestore.googleapis.com/v1/projects/culturepass-b5f96/databases/(default) 200
[debug] [2026-03-23T23:17:35.887Z] <<< [apiv2][body] GET https://firestore.googleapis.com/v1/projects/culturepass-b5f96/databases/(default) {"name":"projects/culturepass-b5f96/databases/(default)","uid":"b26c6299-7887-4732-b66c-71b7b41b5989","createTime":"2026-03-03T11:49:33.293758Z","updateTime":"2026-03-03T11:49:33.293758Z","locationId":"australia-southeast1","type":"FIRESTORE_NATIVE","concurrencyMode":"PESSIMISTIC","versionRetentionPeriod":"3600s","earliestVersionTime":"2026-03-23T22:17:35.879370Z","appEngineIntegrationMode":"DISABLED","keyPrefix":"f","pointInTimeRecoveryEnablement":"POINT_IN_TIME_RECOVERY_DISABLED","deleteProtectionState":"DELETE_PROTECTION_DISABLED","databaseEdition":"STANDARD","freeTier":true,"realtimeUpdatesMode":"REALTIME_UPDATES_MODE_ENABLED","etag":"IKmU4+uTt5MDMJ7myo/OlJMD"}
[info] i  functions: ensuring required API cloudscheduler.googleapis.com is enabled... 
[info] i  functions: ensuring required API run.googleapis.com is enabled... 
[info] i  functions: ensuring required API eventarc.googleapis.com is enabled... 
[info] i  functions: ensuring required API pubsub.googleapis.com is enabled... 
[info] i  functions: ensuring required API storage.googleapis.com is enabled... 
[info] i  functions: generating the service identity for pubsub.googleapis.com... 
[debug] [2026-03-23T23:17:35.890Z] Checked if tokens are valid: true, expires at: 1774311433396
[debug] [2026-03-23T23:17:35.891Z] Checked if tokens are valid: true, expires at: 1774311433396
[info] i  functions: generating the service identity for eventarc.googleapis.com... 
[debug] [2026-03-23T23:17:35.891Z] Checked if tokens are valid: true, expires at: 1774311433396
[debug] [2026-03-23T23:17:35.891Z] Checked if tokens are valid: true, expires at: 1774311433396
[debug] [2026-03-23T23:17:35.891Z] >>> [apiv2][query] POST https://serviceusage.googleapis.com/v1beta1/projects/59873729209/services/pubsub.googleapis.com:generateServiceIdentity [none]
[debug] [2026-03-23T23:17:35.891Z] >>> [apiv2][(partial)header] POST https://serviceusage.googleapis.com/v1beta1/projects/59873729209/services/pubsub.googleapis.com:generateServiceIdentity  x-goog-user-project=59873729209
[debug] [2026-03-23T23:17:35.891Z] >>> [apiv2][body] POST https://serviceusage.googleapis.com/v1beta1/projects/59873729209/services/pubsub.googleapis.com:generateServiceIdentity {}
[debug] [2026-03-23T23:17:35.892Z] >>> [apiv2][query] POST https://serviceusage.googleapis.com/v1beta1/projects/59873729209/services/eventarc.googleapis.com:generateServiceIdentity [none]
[debug] [2026-03-23T23:17:35.892Z] >>> [apiv2][(partial)header] POST https://serviceusage.googleapis.com/v1beta1/projects/59873729209/services/eventarc.googleapis.com:generateServiceIdentity  x-goog-user-project=59873729209
[debug] [2026-03-23T23:17:35.892Z] >>> [apiv2][body] POST https://serviceusage.googleapis.com/v1beta1/projects/59873729209/services/eventarc.googleapis.com:generateServiceIdentity {}
[debug] [2026-03-23T23:17:37.434Z] <<< [apiv2][status] POST https://serviceusage.googleapis.com/v1beta1/projects/59873729209/services/pubsub.googleapis.com:generateServiceIdentity 200
[debug] [2026-03-23T23:17:37.434Z] <<< [apiv2][body] POST https://serviceusage.googleapis.com/v1beta1/projects/59873729209/services/pubsub.googleapis.com:generateServiceIdentity {"name":"operations/finished.DONE_OPERATION","done":true,"response":{"@type":"type.googleapis.com/google.api.serviceusage.v1beta1.ServiceIdentity","email":"service-59873729209@gcp-sa-pubsub.iam.gserviceaccount.com","uniqueId":"116906209059981532717"}}
[debug] [2026-03-23T23:17:37.450Z] <<< [apiv2][status] POST https://serviceusage.googleapis.com/v1beta1/projects/59873729209/services/eventarc.googleapis.com:generateServiceIdentity 200
[debug] [2026-03-23T23:17:37.450Z] <<< [apiv2][body] POST https://serviceusage.googleapis.com/v1beta1/projects/59873729209/services/eventarc.googleapis.com:generateServiceIdentity {"name":"operations/finished.DONE_OPERATION","done":true,"response":{"@type":"type.googleapis.com/google.api.serviceusage.v1beta1.ServiceIdentity","email":"service-59873729209@gcp-sa-eventarc.iam.gserviceaccount.com","uniqueId":"114870051167682810536"}}
[debug] [2026-03-23T23:17:37.451Z] Checked if tokens are valid: true, expires at: 1774311433396
[debug] [2026-03-23T23:17:37.451Z] Checked if tokens are valid: true, expires at: 1774311433396
[debug] [2026-03-23T23:17:37.452Z] >>> [apiv2][query] GET https://cloudresourcemanager.googleapis.com/v1/projects/culturepass-b5f96 [none]
[debug] [2026-03-23T23:17:38.639Z] <<< [apiv2][status] GET https://cloudresourcemanager.googleapis.com/v1/projects/culturepass-b5f96 200
[debug] [2026-03-23T23:17:38.640Z] <<< [apiv2][body] GET https://cloudresourcemanager.googleapis.com/v1/projects/culturepass-b5f96 {"projectNumber":"59873729209","projectId":"culturepass-b5f96","lifecycleState":"ACTIVE","name":"CulturePass","labels":{"firebase":"enabled","firebase-core":"disabled"},"createTime":"2026-03-03T11:13:30.154773Z"}
[debug] [2026-03-23T23:17:38.641Z] Checked if tokens are valid: true, expires at: 1774311433396
[debug] [2026-03-23T23:17:38.641Z] Checked if tokens are valid: true, expires at: 1774311433396
[debug] [2026-03-23T23:17:38.641Z] >>> [apiv2][query] GET https://compute.googleapis.com/compute/v1/projects/59873729209 [none]
[debug] [2026-03-23T23:17:39.182Z] <<< [apiv2][status] GET https://compute.googleapis.com/compute/v1/projects/59873729209 403
[debug] [2026-03-23T23:17:39.182Z] <<< [apiv2][body] GET https://compute.googleapis.com/compute/v1/projects/59873729209 {"error":{"code":403,"message":"Compute Engine API has not been used in project 59873729209 before or it is disabled. Enable it by visiting https://console.developers.google.com/apis/api/compute.googleapis.com/overview?project=59873729209 then retry. If you enabled this API recently, wait a few minutes for the action to propagate to our systems and retry.","errors":[{"message":"Compute Engine API has not been used in project 59873729209 before or it is disabled. Enable it by visiting https://console.developers.google.com/apis/api/compute.googleapis.com/overview?project=59873729209 then retry. If you enabled this API recently, wait a few minutes for the action to propagate to our systems and retry.","domain":"usageLimits","reason":"accessNotConfigured","extendedHelp":"https://console.developers.google.com"}],"status":"PERMISSION_DENIED","details":[{"@type":"type.googleapis.com/google.rpc.ErrorInfo","reason":"SERVICE_DISABLED","domain":"googleapis.com","metadata":{"service":"compute.googleapis.com","containerInfo":"59873729209","serviceTitle":"Compute Engine API","activationUrl":"https://console.developers.google.com/apis/api/compute.googleapis.com/overview?project=59873729209","consumer":"projects/59873729209"}},{"@type":"type.googleapis.com/google.rpc.LocalizedMessage","locale":"en-US","message":"Compute Engine API has not been used in project 59873729209 before or it is disabled. Enable it by visiting https://console.developers.google.com/apis/api/compute.googleapis.com/overview?project=59873729209 then retry. If you enabled this API recently, wait a few minutes for the action to propagate to our systems and retry."},{"@type":"type.googleapis.com/google.rpc.Help","links":[{"description":"Google developers console API activation","url":"https://console.developers.google.com/apis/api/compute.googleapis.com/overview?project=59873729209"}]}]}}
[debug] [2026-03-23T23:17:39.183Z] unable to look up default compute service account. Falling back to 59873729209-compute@developer.gserviceaccount.com. Error: {"name":"FirebaseError","children":[],"context":{"body":{"error":{"code":403,"message":"Compute Engine API has not been used in project 59873729209 before or it is disabled. Enable it by visiting https://console.developers.google.com/apis/api/compute.googleapis.com/overview?project=59873729209 then retry. If you enabled this API recently, wait a few minutes for the action to propagate to our systems and retry.","errors":[{"message":"Compute Engine API has not been used in project 59873729209 before or it is disabled. Enable it by visiting https://console.developers.google.com/apis/api/compute.googleapis.com/overview?project=59873729209 then retry. If you enabled this API recently, wait a few minutes for the action to propagate to our systems and retry.","domain":"usageLimits","reason":"accessNotConfigured","extendedHelp":"https://console.developers.google.com"}],"status":"PERMISSION_DENIED","details":[{"@type":"type.googleapis.com/google.rpc.ErrorInfo","reason":"SERVICE_DISABLED","domain":"googleapis.com","metadata":{"service":"compute.googleapis.com","containerInfo":"59873729209","serviceTitle":"Compute Engine API","activationUrl":"https://console.developers.google.com/apis/api/compute.googleapis.com/overview?project=59873729209","consumer":"projects/59873729209"}},{"@type":"type.googleapis.com/google.rpc.LocalizedMessage","locale":"en-US","message":"Compute Engine API has not been used in project 59873729209 before or it is disabled. Enable it by visiting https://console.developers.google.com/apis/api/compute.googleapis.com/overview?project=59873729209 then retry. If you enabled this API recently, wait a few minutes for the action to propagate to our systems and retry."},{"@type":"type.googleapis.com/google.rpc.Help","links":[{"description":"Google developers console API activation","url":"https://console.developers.google.com/apis/api/compute.googleapis.com/overview?project=59873729209"}]}]}},"response":{"statusCode":403}},"exit":1,"message":"Request to https://compute.googleapis.com/compute/v1/projects/59873729209 had HTTP Error: 403, Compute Engine API has not been used in project 59873729209 before or it is disabled. Enable it by visiting https://console.developers.google.com/apis/api/compute.googleapis.com/overview?project=59873729209 then retry. If you enabled this API recently, wait a few minutes for the action to propagate to our systems and retry.","status":403}
[debug] [2026-03-23T23:17:39.183Z] Checked if tokens are valid: true, expires at: 1774311433396
[debug] [2026-03-23T23:17:39.183Z] Checked if tokens are valid: true, expires at: 1774311433396
[debug] [2026-03-23T23:17:39.183Z] >>> [apiv2][query] GET https://compute.googleapis.com/compute/v1/projects/59873729209 [none]
[debug] [2026-03-23T23:17:39.565Z] <<< [apiv2][status] GET https://compute.googleapis.com/compute/v1/projects/59873729209 403
[debug] [2026-03-23T23:17:39.565Z] <<< [apiv2][body] GET https://compute.googleapis.com/compute/v1/projects/59873729209 {"error":{"code":403,"message":"Compute Engine API has not been used in project 59873729209 before or it is disabled. Enable it by visiting https://console.developers.google.com/apis/api/compute.googleapis.com/overview?project=59873729209 then retry. If you enabled this API recently, wait a few minutes for the action to propagate to our systems and retry.","errors":[{"message":"Compute Engine API has not been used in project 59873729209 before or it is disabled. Enable it by visiting https://console.developers.google.com/apis/api/compute.googleapis.com/overview?project=59873729209 then retry. If you enabled this API recently, wait a few minutes for the action to propagate to our systems and retry.","domain":"usageLimits","reason":"accessNotConfigured","extendedHelp":"https://console.developers.google.com"}],"status":"PERMISSION_DENIED","details":[{"@type":"type.googleapis.com/google.rpc.ErrorInfo","reason":"SERVICE_DISABLED","domain":"googleapis.com","metadata":{"activationUrl":"https://console.developers.google.com/apis/api/compute.googleapis.com/overview?project=59873729209","consumer":"projects/59873729209","containerInfo":"59873729209","serviceTitle":"Compute Engine API","service":"compute.googleapis.com"}},{"@type":"type.googleapis.com/google.rpc.LocalizedMessage","locale":"en-US","message":"Compute Engine API has not been used in project 59873729209 before or it is disabled. Enable it by visiting https://console.developers.google.com/apis/api/compute.googleapis.com/overview?project=59873729209 then retry. If you enabled this API recently, wait a few minutes for the action to propagate to our systems and retry."},{"@type":"type.googleapis.com/google.rpc.Help","links":[{"description":"Google developers console API activation","url":"https://console.developers.google.com/apis/api/compute.googleapis.com/overview?project=59873729209"}]}]}}
[debug] [2026-03-23T23:17:39.565Z] unable to look up default compute service account. Falling back to 59873729209-compute@developer.gserviceaccount.com. Error: {"name":"FirebaseError","children":[],"context":{"body":{"error":{"code":403,"message":"Compute Engine API has not been used in project 59873729209 before or it is disabled. Enable it by visiting https://console.developers.google.com/apis/api/compute.googleapis.com/overview?project=59873729209 then retry. If you enabled this API recently, wait a few minutes for the action to propagate to our systems and retry.","errors":[{"message":"Compute Engine API has not been used in project 59873729209 before or it is disabled. Enable it by visiting https://console.developers.google.com/apis/api/compute.googleapis.com/overview?project=59873729209 then retry. If you enabled this API recently, wait a few minutes for the action to propagate to our systems and retry.","domain":"usageLimits","reason":"accessNotConfigured","extendedHelp":"https://console.developers.google.com"}],"status":"PERMISSION_DENIED","details":[{"@type":"type.googleapis.com/google.rpc.ErrorInfo","reason":"SERVICE_DISABLED","domain":"googleapis.com","metadata":{"activationUrl":"https://console.developers.google.com/apis/api/compute.googleapis.com/overview?project=59873729209","consumer":"projects/59873729209","containerInfo":"59873729209","serviceTitle":"Compute Engine API","service":"compute.googleapis.com"}},{"@type":"type.googleapis.com/google.rpc.LocalizedMessage","locale":"en-US","message":"Compute Engine API has not been used in project 59873729209 before or it is disabled. Enable it by visiting https://console.developers.google.com/apis/api/compute.googleapis.com/overview?project=59873729209 then retry. If you enabled this API recently, wait a few minutes for the action to propagate to our systems and retry."},{"@type":"type.googleapis.com/google.rpc.Help","links":[{"description":"Google developers console API activation","url":"https://console.developers.google.com/apis/api/compute.googleapis.com/overview?project=59873729209"}]}]}},"response":{"statusCode":403}},"exit":1,"message":"Request to https://compute.googleapis.com/compute/v1/projects/59873729209 had HTTP Error: 403, Compute Engine API has not been used in project 59873729209 before or it is disabled. Enable it by visiting https://console.developers.google.com/apis/api/compute.googleapis.com/overview?project=59873729209 then retry. If you enabled this API recently, wait a few minutes for the action to propagate to our systems and retry.","status":403}
[debug] [2026-03-23T23:17:39.566Z] Checked if tokens are valid: true, expires at: 1774311433396
[debug] [2026-03-23T23:17:39.566Z] Checked if tokens are valid: true, expires at: 1774311433396
[debug] [2026-03-23T23:17:39.566Z] >>> [apiv2][query] GET https://compute.googleapis.com/compute/v1/projects/59873729209 [none]
[debug] [2026-03-23T23:17:39.967Z] <<< [apiv2][status] GET https://compute.googleapis.com/compute/v1/projects/59873729209 403
[debug] [2026-03-23T23:17:39.967Z] <<< [apiv2][body] GET https://compute.googleapis.com/compute/v1/projects/59873729209 {"error":{"code":403,"message":"Compute Engine API has not been used in project 59873729209 before or it is disabled. Enable it by visiting https://console.developers.google.com/apis/api/compute.googleapis.com/overview?project=59873729209 then retry. If you enabled this API recently, wait a few minutes for the action to propagate to our systems and retry.","errors":[{"message":"Compute Engine API has not been used in project 59873729209 before or it is disabled. Enable it by visiting https://console.developers.google.com/apis/api/compute.googleapis.com/overview?project=59873729209 then retry. If you enabled this API recently, wait a few minutes for the action to propagate to our systems and retry.","domain":"usageLimits","reason":"accessNotConfigured","extendedHelp":"https://console.developers.google.com"}],"status":"PERMISSION_DENIED","details":[{"@type":"type.googleapis.com/google.rpc.ErrorInfo","reason":"SERVICE_DISABLED","domain":"googleapis.com","metadata":{"containerInfo":"59873729209","serviceTitle":"Compute Engine API","service":"compute.googleapis.com","consumer":"projects/59873729209","activationUrl":"https://console.developers.google.com/apis/api/compute.googleapis.com/overview?project=59873729209"}},{"@type":"type.googleapis.com/google.rpc.LocalizedMessage","locale":"en-US","message":"Compute Engine API has not been used in project 59873729209 before or it is disabled. Enable it by visiting https://console.developers.google.com/apis/api/compute.googleapis.com/overview?project=59873729209 then retry. If you enabled this API recently, wait a few minutes for the action to propagate to our systems and retry."},{"@type":"type.googleapis.com/google.rpc.Help","links":[{"description":"Google developers console API activation","url":"https://console.developers.google.com/apis/api/compute.googleapis.com/overview?project=59873729209"}]}]}}
[debug] [2026-03-23T23:17:39.967Z] unable to look up default compute service account. Falling back to 59873729209-compute@developer.gserviceaccount.com. Error: {"name":"FirebaseError","children":[],"context":{"body":{"error":{"code":403,"message":"Compute Engine API has not been used in project 59873729209 before or it is disabled. Enable it by visiting https://console.developers.google.com/apis/api/compute.googleapis.com/overview?project=59873729209 then retry. If you enabled this API recently, wait a few minutes for the action to propagate to our systems and retry.","errors":[{"message":"Compute Engine API has not been used in project 59873729209 before or it is disabled. Enable it by visiting https://console.developers.google.com/apis/api/compute.googleapis.com/overview?project=59873729209 then retry. If you enabled this API recently, wait a few minutes for the action to propagate to our systems and retry.","domain":"usageLimits","reason":"accessNotConfigured","extendedHelp":"https://console.developers.google.com"}],"status":"PERMISSION_DENIED","details":[{"@type":"type.googleapis.com/google.rpc.ErrorInfo","reason":"SERVICE_DISABLED","domain":"googleapis.com","metadata":{"containerInfo":"59873729209","serviceTitle":"Compute Engine API","service":"compute.googleapis.com","consumer":"projects/59873729209","activationUrl":"https://console.developers.google.com/apis/api/compute.googleapis.com/overview?project=59873729209"}},{"@type":"type.googleapis.com/google.rpc.LocalizedMessage","locale":"en-US","message":"Compute Engine API has not been used in project 59873729209 before or it is disabled. Enable it by visiting https://console.developers.google.com/apis/api/compute.googleapis.com/overview?project=59873729209 then retry. If you enabled this API recently, wait a few minutes for the action to propagate to our systems and retry."},{"@type":"type.googleapis.com/google.rpc.Help","links":[{"description":"Google developers console API activation","url":"https://console.developers.google.com/apis/api/compute.googleapis.com/overview?project=59873729209"}]}]}},"response":{"statusCode":403}},"exit":1,"message":"Request to https://compute.googleapis.com/compute/v1/projects/59873729209 had HTTP Error: 403, Compute Engine API has not been used in project 59873729209 before or it is disabled. Enable it by visiting https://console.developers.google.com/apis/api/compute.googleapis.com/overview?project=59873729209 then retry. If you enabled this API recently, wait a few minutes for the action to propagate to our systems and retry.","status":403}
[debug] [2026-03-23T23:17:39.968Z] Checked if tokens are valid: true, expires at: 1774311433396
[debug] [2026-03-23T23:17:39.969Z] Checked if tokens are valid: true, expires at: 1774311433396
[debug] [2026-03-23T23:17:39.969Z] >>> [apiv2][query] GET https://cloudbilling.googleapis.com/v1/projects/culturepass-b5f96/billingInfo [none]
[debug] [2026-03-23T23:17:41.503Z] <<< [apiv2][status] GET https://cloudbilling.googleapis.com/v1/projects/culturepass-b5f96/billingInfo 200
[debug] [2026-03-23T23:17:41.503Z] <<< [apiv2][body] GET https://cloudbilling.googleapis.com/v1/projects/culturepass-b5f96/billingInfo {"name":"projects/culturepass-b5f96/billingInfo","projectId":"culturepass-b5f96","billingAccountName":"billingAccounts/0109A5-7072A9-5EC5DD","billingEnabled":true}
[debug] [2026-03-23T23:17:41.506Z] Checked if tokens are valid: true, expires at: 1774311433396
[debug] [2026-03-23T23:17:41.506Z] Checked if tokens are valid: true, expires at: 1774311433396
[debug] [2026-03-23T23:17:41.506Z] >>> [apiv2][query] POST https://cloudfunctions.googleapis.com/v2/projects/culturepass-b5f96/locations/us-central1/functions:generateUploadUrl [none]
[debug] [2026-03-23T23:17:43.283Z] <<< [apiv2][status] POST https://cloudfunctions.googleapis.com/v2/projects/culturepass-b5f96/locations/us-central1/functions:generateUploadUrl 200
[debug] [2026-03-23T23:17:43.284Z] <<< [apiv2][body] POST https://cloudfunctions.googleapis.com/v2/projects/culturepass-b5f96/locations/us-central1/functions:generateUploadUrl {"uploadUrl":"https://storage.googleapis.com/gcf-v2-uploads-59873729209.us-central1.cloudfunctions.appspot.com/9eddee56-0742-4a34-a310-f8dc5f3a7378.zip?GoogleAccessId=service-59873729209@gcf-admin-robot.iam.gserviceaccount.com&Expires=1774309663&Signature=ORm07s8Kl9hqVv5a3%2B50THkk1%2BsUDkLz22lSBnlhomJipFTbpFkSDstlOvKXjnS1dvBU2Ik268Iyxhn9iQx01Q%2Bvklcn1DjJS2kwbula%2BGa3vt5V2VcRV8erSqy6o9FePO2SbvaXDg4XXvxjuWJ5GIqFE4b%2Bql8dj%2Be%2BKykBjXszJ9TSYIyL0xITSar3OBPUO7v3dqKQlcEDFmdkddf3w0CVBV8n66zCDykNkOOUJxgzrkc1oTl6mNRHmix%2Bnk5rgn3m9fG2L3ve3guW4lMkYjpsFHjBWivNsp%2BeKQsaJ17%2FOWJne6ooUbNgFcJ0fKuNgQbGyQDwLGMRQBWWl1QKFw%3D%3D","storageSource":{"bucket":"gcf-v2-uploads-59873729209.us-central1.cloudfunctions.appspot.com","object":"9eddee56-0742-4a34-a310-f8dc5f3a7378.zip"}}
[debug] [2026-03-23T23:17:43.285Z] >>> [apiv2][query] PUT https://storage.googleapis.com/gcf-v2-uploads-59873729209.us-central1.cloudfunctions.appspot.com/9eddee56-0742-4a34-a310-f8dc5f3a7378.zip GoogleAccessId=service-59873729209%40gcf-admin-robot.iam.gserviceaccount.com&Expires=1774309663&Signature=ORm07s8Kl9hqVv5a3%2B50THkk1%2BsUDkLz22lSBnlhomJipFTbpFkSDstlOvKXjnS1dvBU2Ik268Iyxhn9iQx01Q%2Bvklcn1DjJS2kwbula%2BGa3vt5V2VcRV8erSqy6o9FePO2SbvaXDg4XXvxjuWJ5GIqFE4b%2Bql8dj%2Be%2BKykBjXszJ9TSYIyL0xITSar3OBPUO7v3dqKQlcEDFmdkddf3w0CVBV8n66zCDykNkOOUJxgzrkc1oTl6mNRHmix%2Bnk5rgn3m9fG2L3ve3guW4lMkYjpsFHjBWivNsp%2BeKQsaJ17%2FOWJne6ooUbNgFcJ0fKuNgQbGyQDwLGMRQBWWl1QKFw%3D%3D
[debug] [2026-03-23T23:17:43.285Z] >>> [apiv2][body] PUT https://storage.googleapis.com/gcf-v2-uploads-59873729209.us-central1.cloudfunctions.appspot.com/9eddee56-0742-4a34-a310-f8dc5f3a7378.zip [stream]
[debug] [2026-03-23T23:17:45.080Z] <<< [apiv2][status] PUT https://storage.googleapis.com/gcf-v2-uploads-59873729209.us-central1.cloudfunctions.appspot.com/9eddee56-0742-4a34-a310-f8dc5f3a7378.zip 200
[debug] [2026-03-23T23:17:45.081Z] <<< [apiv2][body] PUT https://storage.googleapis.com/gcf-v2-uploads-59873729209.us-central1.cloudfunctions.appspot.com/9eddee56-0742-4a34-a310-f8dc5f3a7378.zip [omitted]
[info] ✔  functions: functions source uploaded successfully 
[info] i  functions: updating Node.js 22 (2nd Gen) function api(us-central1)... 
[info] i  functions: updating Node.js 22 (2nd Gen) function onEventWritten(us-central1)... 
[info] i  functions: updating Node.js 22 (2nd Gen) function syncSydneyWhatsOn(us-central1)... 
[debug] [2026-03-23T23:17:45.087Z] Checked if tokens are valid: true, expires at: 1774311433396
[debug] [2026-03-23T23:17:45.087Z] Checked if tokens are valid: true, expires at: 1774311433396
[debug] [2026-03-23T23:17:45.087Z] >>> [apiv2][query] PATCH https://cloudfunctions.googleapis.com/v2/projects/culturepass-b5f96/locations/us-central1/functions/api updateMask=name%2CbuildConfig.runtime%2CbuildConfig.entryPoint%2CbuildConfig.source.storageSource.bucket%2CbuildConfig.source.storageSource.object%2CbuildConfig.environmentVariables%2CbuildConfig.sourceToken%2CserviceConfig.environmentVariables%2CserviceConfig.ingressSettings%2CserviceConfig.timeoutSeconds%2CserviceConfig.serviceAccountEmail%2CserviceConfig.availableMemory%2CserviceConfig.minInstanceCount%2CserviceConfig.maxInstanceCount%2CserviceConfig.maxInstanceRequestConcurrency%2CserviceConfig.availableCpu%2CserviceConfig.vpcConnector%2CserviceConfig.vpcConnectorEgressSettings%2Clabels
[debug] [2026-03-23T23:17:45.087Z] >>> [apiv2][body] PATCH https://cloudfunctions.googleapis.com/v2/projects/culturepass-b5f96/locations/us-central1/functions/api {"name":"projects/culturepass-b5f96/locations/us-central1/functions/api","buildConfig":{"runtime":"nodejs22","entryPoint":"api","source":{"storageSource":{"bucket":"gcf-v2-uploads-59873729209.us-central1.cloudfunctions.appspot.com","object":"9eddee56-0742-4a34-a310-f8dc5f3a7378.zip"}},"environmentVariables":{"GOOGLE_NODE_RUN_SCRIPTS":""}},"serviceConfig":{"environmentVariables":{"ROLLOUT_PHASE":"full","FIREBASE_CONFIG":"{\"projectId\":\"culturepass-b5f96\",\"storageBucket\":\"culturepass-b5f96.firebasestorage.app\"}","GCLOUD_PROJECT":"culturepass-b5f96","EVENTARC_CLOUD_EVENT_SOURCE":"projects/culturepass-b5f96/locations/us-central1/services/api","FUNCTION_TARGET":"api","LOG_EXECUTION_ID":"true"},"ingressSettings":null,"timeoutSeconds":null,"serviceAccountEmail":null,"availableMemory":"256Mi","minInstanceCount":null,"maxInstanceCount":null,"maxInstanceRequestConcurrency":80,"availableCpu":"1","vpcConnector":null,"vpcConnectorEgressSettings":null},"labels":{"deployment-tool":"cli-firebase","firebase-functions-hash":"6dc9a17b06615d5b94a802f18fcdf6bdb1883e0c"}}
[debug] [2026-03-23T23:17:47.602Z] <<< [apiv2][status] PATCH https://cloudfunctions.googleapis.com/v2/projects/culturepass-b5f96/locations/us-central1/functions/api 200
[debug] [2026-03-23T23:17:47.602Z] <<< [apiv2][body] PATCH https://cloudfunctions.googleapis.com/v2/projects/culturepass-b5f96/locations/us-central1/functions/api {"name":"projects/culturepass-b5f96/locations/us-central1/operations/operation-1774307866445-64db93e1a066e-d13a2249-d1bb2ad6","metadata":{"@type":"type.googleapis.com/google.cloud.functions.v2.OperationMetadata","createTime":"2026-03-23T23:17:47.349859589Z","target":"projects/culturepass-b5f96/locations/us-central1/functions/api","verb":"update","cancelRequested":false,"apiVersion":"v2"},"done":false}
[debug] [2026-03-23T23:17:47.603Z] Checked if tokens are valid: true, expires at: 1774311433396
[debug] [2026-03-23T23:17:47.603Z] Checked if tokens are valid: true, expires at: 1774311433396
[debug] [2026-03-23T23:17:47.603Z] >>> [apiv2][query] GET https://cloudfunctions.googleapis.com/v2/projects/culturepass-b5f96/locations/us-central1/operations/operation-1774307866445-64db93e1a066e-d13a2249-d1bb2ad6 [none]
[debug] [2026-03-23T23:17:49.172Z] <<< [apiv2][status] GET https://cloudfunctions.googleapis.com/v2/projects/culturepass-b5f96/locations/us-central1/operations/operation-1774307866445-64db93e1a066e-d13a2249-d1bb2ad6 200
[debug] [2026-03-23T23:17:49.172Z] <<< [apiv2][body] GET https://cloudfunctions.googleapis.com/v2/projects/culturepass-b5f96/locations/us-central1/operations/operation-1774307866445-64db93e1a066e-d13a2249-d1bb2ad6 {"name":"projects/culturepass-b5f96/locations/us-central1/operations/operation-1774307866445-64db93e1a066e-d13a2249-d1bb2ad6","metadata":{"@type":"type.googleapis.com/google.cloud.functions.v2.OperationMetadata","createTime":"2026-03-23T23:17:47.349859589Z","target":"projects/culturepass-b5f96/locations/us-central1/functions/api","verb":"update","cancelRequested":false,"apiVersion":"v2","requestResource":{"@type":"type.googleapis.com/google.cloud.functions.v2.Function","name":"projects/culturepass-b5f96/locations/us-central1/functions/api","buildConfig":{"runtime":"nodejs22","entryPoint":"api","source":{"storageSource":{"bucket":"gcf-v2-sources-59873729209-us-central1","object":"api/function-source.zip","generation":"1774307867296552"}},"environmentVariables":{"GOOGLE_NODE_RUN_SCRIPTS":""},"dockerRepository":"projects/culturepass-b5f96/locations/us-central1/repositories/gcf-artifacts","sourceProvenance":{"resolvedStorageSource":{"bucket":"gcf-v2-sources-59873729209-us-central1","object":"api/function-source.zip","generation":"1774272301841179"}},"dockerRegistry":"ARTIFACT_REGISTRY","serviceAccount":"projects/culturepass-b5f96/serviceAccounts/59873729209-compute@developer.gserviceaccount.com","automaticUpdatePolicy":{}},"serviceConfig":{"service":"projects/culturepass-b5f96/locations/us-central1/services/api","timeoutSeconds":60,"environmentVariables":{"ROLLOUT_PHASE":"full","FIREBASE_CONFIG":"{\"projectId\":\"culturepass-b5f96\",\"storageBucket\":\"culturepass-b5f96.firebasestorage.app\"}","GCLOUD_PROJECT":"culturepass-b5f96","EVENTARC_CLOUD_EVENT_SOURCE":"projects/culturepass-b5f96/locations/us-central1/services/api","FUNCTION_TARGET":"api","LOG_EXECUTION_ID":"true"},"ingressSettings":"ALLOW_ALL","uri":"https://api-ipgxc4ftpa-uc.a.run.app","serviceAccountEmail":"59873729209-compute@developer.gserviceaccount.com","availableMemory":"256Mi","allTrafficOnLatestRevision":true,"revision":"api-00052-mey","maxInstanceRequestConcurrency":80,"availableCpu":"1"},"state":"ACTIVE","labels":{"deployment-tool":"cli-firebase","firebase-functions-hash":"6dc9a17b06615d5b94a802f18fcdf6bdb1883e0c"},"environment":"GEN_2","url":"https://us-central1-culturepass-b5f96.cloudfunctions.net/api","satisfiesPzi":true},"stages":[{"name":"BUILD","message":"Build in progress","state":"IN_PROGRESS","resource":"projects/59873729209/locations/us-central1/builds/f71dae4e-a181-4b1f-8f0b-824bdba86061","resourceUri":"https://console.cloud.google.com/cloud-build/builds;region=us-central1/f71dae4e-a181-4b1f-8f0b-824bdba86061?project=59873729209"},{"name":"SERVICE","state":"NOT_STARTED"}],"operationType":"UPDATE_FUNCTION","buildName":"projects/59873729209/locations/us-central1/builds/f71dae4e-a181-4b1f-8f0b-824bdba86061"},"done":false}
[debug] [2026-03-23T23:17:49.675Z] [update-default-us-central1-api] Retrying task index 0
[debug] [2026-03-23T23:17:49.676Z] Checked if tokens are valid: true, expires at: 1774311433396
[debug] [2026-03-23T23:17:49.676Z] Checked if tokens are valid: true, expires at: 1774311433396
[debug] [2026-03-23T23:17:49.676Z] >>> [apiv2][query] GET https://cloudfunctions.googleapis.com/v2/projects/culturepass-b5f96/locations/us-central1/operations/operation-1774307866445-64db93e1a066e-d13a2249-d1bb2ad6 [none]
[debug] [2026-03-23T23:17:51.077Z] <<< [apiv2][status] GET https://cloudfunctions.googleapis.com/v2/projects/culturepass-b5f96/locations/us-central1/operations/operation-1774307866445-64db93e1a066e-d13a2249-d1bb2ad6 200
[debug] [2026-03-23T23:17:51.077Z] <<< [apiv2][body] GET https://cloudfunctions.googleapis.com/v2/projects/culturepass-b5f96/locations/us-central1/operations/operation-1774307866445-64db93e1a066e-d13a2249-d1bb2ad6 {"name":"projects/culturepass-b5f96/locations/us-central1/operations/operation-1774307866445-64db93e1a066e-d13a2249-d1bb2ad6","metadata":{"@type":"type.googleapis.com/google.cloud.functions.v2.OperationMetadata","createTime":"2026-03-23T23:17:47.349859589Z","target":"projects/culturepass-b5f96/locations/us-central1/functions/api","verb":"update","cancelRequested":false,"apiVersion":"v2","requestResource":{"@type":"type.googleapis.com/google.cloud.functions.v2.Function","name":"projects/culturepass-b5f96/locations/us-central1/functions/api","buildConfig":{"runtime":"nodejs22","entryPoint":"api","source":{"storageSource":{"bucket":"gcf-v2-sources-59873729209-us-central1","object":"api/function-source.zip","generation":"1774307867296552"}},"environmentVariables":{"GOOGLE_NODE_RUN_SCRIPTS":""},"dockerRepository":"projects/culturepass-b5f96/locations/us-central1/repositories/gcf-artifacts","sourceProvenance":{"resolvedStorageSource":{"bucket":"gcf-v2-sources-59873729209-us-central1","object":"api/function-source.zip","generation":"1774272301841179"}},"dockerRegistry":"ARTIFACT_REGISTRY","serviceAccount":"projects/culturepass-b5f96/serviceAccounts/59873729209-compute@developer.gserviceaccount.com","automaticUpdatePolicy":{}},"serviceConfig":{"service":"projects/culturepass-b5f96/locations/us-central1/services/api","timeoutSeconds":60,"environmentVariables":{"ROLLOUT_PHASE":"full","FIREBASE_CONFIG":"{\"projectId\":\"culturepass-b5f96\",\"storageBucket\":\"culturepass-b5f96.firebasestorage.app\"}","GCLOUD_PROJECT":"culturepass-b5f96","EVENTARC_CLOUD_EVENT_SOURCE":"projects/culturepass-b5f96/locations/us-central1/services/api","FUNCTION_TARGET":"api","LOG_EXECUTION_ID":"true"},"ingressSettings":"ALLOW_ALL","uri":"https://api-ipgxc4ftpa-uc.a.run.app","serviceAccountEmail":"59873729209-compute@developer.gserviceaccount.com","availableMemory":"256Mi","allTrafficOnLatestRevision":true,"revision":"api-00052-mey","maxInstanceRequestConcurrency":80,"availableCpu":"1"},"state":"ACTIVE","labels":{"deployment-tool":"cli-firebase","firebase-functions-hash":"6dc9a17b06615d5b94a802f18fcdf6bdb1883e0c"},"environment":"GEN_2","url":"https://us-central1-culturepass-b5f96.cloudfunctions.net/api","satisfiesPzi":true},"stages":[{"name":"BUILD","message":"Build in progress","state":"IN_PROGRESS","resource":"projects/59873729209/locations/us-central1/builds/f71dae4e-a181-4b1f-8f0b-824bdba86061","resourceUri":"https://console.cloud.google.com/cloud-build/builds;region=us-central1/f71dae4e-a181-4b1f-8f0b-824bdba86061?project=59873729209"},{"name":"SERVICE","state":"NOT_STARTED"}],"operationType":"UPDATE_FUNCTION","buildName":"projects/59873729209/locations/us-central1/builds/f71dae4e-a181-4b1f-8f0b-824bdba86061"},"done":false}
[debug] [2026-03-23T23:17:52.080Z] [update-default-us-central1-api] Retrying task index 0
[debug] [2026-03-23T23:17:52.080Z] Checked if tokens are valid: true, expires at: 1774311433396
[debug] [2026-03-23T23:17:52.081Z] Checked if tokens are valid: true, expires at: 1774311433396
[debug] [2026-03-23T23:17:52.081Z] >>> [apiv2][query] GET https://cloudfunctions.googleapis.com/v2/projects/culturepass-b5f96/locations/us-central1/operations/operation-1774307866445-64db93e1a066e-d13a2249-d1bb2ad6 [none]
[debug] [2026-03-23T23:17:53.504Z] <<< [apiv2][status] GET https://cloudfunctions.googleapis.com/v2/projects/culturepass-b5f96/locations/us-central1/operations/operation-1774307866445-64db93e1a066e-d13a2249-d1bb2ad6 200
[debug] [2026-03-23T23:17:53.504Z] <<< [apiv2][body] GET https://cloudfunctions.googleapis.com/v2/projects/culturepass-b5f96/locations/us-central1/operations/operation-1774307866445-64db93e1a066e-d13a2249-d1bb2ad6 {"name":"projects/culturepass-b5f96/locations/us-central1/operations/operation-1774307866445-64db93e1a066e-d13a2249-d1bb2ad6","metadata":{"@type":"type.googleapis.com/google.cloud.functions.v2.OperationMetadata","createTime":"2026-03-23T23:17:47.349859589Z","target":"projects/culturepass-b5f96/locations/us-central1/functions/api","verb":"update","cancelRequested":false,"apiVersion":"v2","requestResource":{"@type":"type.googleapis.com/google.cloud.functions.v2.Function","name":"projects/culturepass-b5f96/locations/us-central1/functions/api","buildConfig":{"runtime":"nodejs22","entryPoint":"api","source":{"storageSource":{"bucket":"gcf-v2-sources-59873729209-us-central1","object":"api/function-source.zip","generation":"1774307867296552"}},"environmentVariables":{"GOOGLE_NODE_RUN_SCRIPTS":""},"dockerRepository":"projects/culturepass-b5f96/locations/us-central1/repositories/gcf-artifacts","sourceProvenance":{"resolvedStorageSource":{"bucket":"gcf-v2-sources-59873729209-us-central1","object":"api/function-source.zip","generation":"1774272301841179"}},"dockerRegistry":"ARTIFACT_REGISTRY","serviceAccount":"projects/culturepass-b5f96/serviceAccounts/59873729209-compute@developer.gserviceaccount.com","automaticUpdatePolicy":{}},"serviceConfig":{"service":"projects/culturepass-b5f96/locations/us-central1/services/api","timeoutSeconds":60,"environmentVariables":{"ROLLOUT_PHASE":"full","FIREBASE_CONFIG":"{\"projectId\":\"culturepass-b5f96\",\"storageBucket\":\"culturepass-b5f96.firebasestorage.app\"}","GCLOUD_PROJECT":"culturepass-b5f96","EVENTARC_CLOUD_EVENT_SOURCE":"projects/culturepass-b5f96/locations/us-central1/services/api","FUNCTION_TARGET":"api","LOG_EXECUTION_ID":"true"},"ingressSettings":"ALLOW_ALL","uri":"https://api-ipgxc4ftpa-uc.a.run.app","serviceAccountEmail":"59873729209-compute@developer.gserviceaccount.com","availableMemory":"256Mi","allTrafficOnLatestRevision":true,"revision":"api-00052-mey","maxInstanceRequestConcurrency":80,"availableCpu":"1"},"state":"ACTIVE","labels":{"deployment-tool":"cli-firebase","firebase-functions-hash":"6dc9a17b06615d5b94a802f18fcdf6bdb1883e0c"},"environment":"GEN_2","url":"https://us-central1-culturepass-b5f96.cloudfunctions.net/api","satisfiesPzi":true},"stages":[{"name":"BUILD","message":"Build in progress","state":"IN_PROGRESS","resource":"projects/59873729209/locations/us-central1/builds/f71dae4e-a181-4b1f-8f0b-824bdba86061","resourceUri":"https://console.cloud.google.com/cloud-build/builds;region=us-central1/f71dae4e-a181-4b1f-8f0b-824bdba86061?project=59873729209"},{"name":"SERVICE","state":"NOT_STARTED"}],"operationType":"UPDATE_FUNCTION","buildName":"projects/59873729209/locations/us-central1/builds/f71dae4e-a181-4b1f-8f0b-824bdba86061"},"done":false}
[debug] [2026-03-23T23:17:55.505Z] [update-default-us-central1-api] Retrying task index 0
[debug] [2026-03-23T23:17:55.506Z] Checked if tokens are valid: true, expires at: 1774311433396
[debug] [2026-03-23T23:17:55.506Z] Checked if tokens are valid: true, expires at: 1774311433396
[debug] [2026-03-23T23:17:55.506Z] >>> [apiv2][query] GET https://cloudfunctions.googleapis.com/v2/projects/culturepass-b5f96/locations/us-central1/operations/operation-1774307866445-64db93e1a066e-d13a2249-d1bb2ad6 [none]
[debug] [2026-03-23T23:17:57.024Z] <<< [apiv2][status] GET https://cloudfunctions.googleapis.com/v2/projects/culturepass-b5f96/locations/us-central1/operations/operation-1774307866445-64db93e1a066e-d13a2249-d1bb2ad6 200
[debug] [2026-03-23T23:17:57.024Z] <<< [apiv2][body] GET https://cloudfunctions.googleapis.com/v2/projects/culturepass-b5f96/locations/us-central1/operations/operation-1774307866445-64db93e1a066e-d13a2249-d1bb2ad6 {"name":"projects/culturepass-b5f96/locations/us-central1/operations/operation-1774307866445-64db93e1a066e-d13a2249-d1bb2ad6","metadata":{"@type":"type.googleapis.com/google.cloud.functions.v2.OperationMetadata","createTime":"2026-03-23T23:17:47.349859589Z","target":"projects/culturepass-b5f96/locations/us-central1/functions/api","verb":"update","cancelRequested":false,"apiVersion":"v2","requestResource":{"@type":"type.googleapis.com/google.cloud.functions.v2.Function","name":"projects/culturepass-b5f96/locations/us-central1/functions/api","buildConfig":{"runtime":"nodejs22","entryPoint":"api","source":{"storageSource":{"bucket":"gcf-v2-sources-59873729209-us-central1","object":"api/function-source.zip","generation":"1774307867296552"}},"environmentVariables":{"GOOGLE_NODE_RUN_SCRIPTS":""},"dockerRepository":"projects/culturepass-b5f96/locations/us-central1/repositories/gcf-artifacts","sourceProvenance":{"resolvedStorageSource":{"bucket":"gcf-v2-sources-59873729209-us-central1","object":"api/function-source.zip","generation":"1774272301841179"}},"dockerRegistry":"ARTIFACT_REGISTRY","serviceAccount":"projects/culturepass-b5f96/serviceAccounts/59873729209-compute@developer.gserviceaccount.com","automaticUpdatePolicy":{}},"serviceConfig":{"service":"projects/culturepass-b5f96/locations/us-central1/services/api","timeoutSeconds":60,"environmentVariables":{"ROLLOUT_PHASE":"full","FIREBASE_CONFIG":"{\"projectId\":\"culturepass-b5f96\",\"storageBucket\":\"culturepass-b5f96.firebasestorage.app\"}","GCLOUD_PROJECT":"culturepass-b5f96","EVENTARC_CLOUD_EVENT_SOURCE":"projects/culturepass-b5f96/locations/us-central1/services/api","FUNCTION_TARGET":"api","LOG_EXECUTION_ID":"true"},"ingressSettings":"ALLOW_ALL","uri":"https://api-ipgxc4ftpa-uc.a.run.app","serviceAccountEmail":"59873729209-compute@developer.gserviceaccount.com","availableMemory":"256Mi","allTrafficOnLatestRevision":true,"revision":"api-00052-mey","maxInstanceRequestConcurrency":80,"availableCpu":"1"},"state":"ACTIVE","labels":{"deployment-tool":"cli-firebase","firebase-functions-hash":"6dc9a17b06615d5b94a802f18fcdf6bdb1883e0c"},"environment":"GEN_2","url":"https://us-central1-culturepass-b5f96.cloudfunctions.net/api","satisfiesPzi":true},"stages":[{"name":"BUILD","message":"Build in progress","state":"IN_PROGRESS","resource":"projects/59873729209/locations/us-central1/builds/f71dae4e-a181-4b1f-8f0b-824bdba86061","resourceUri":"https://console.cloud.google.com/cloud-build/builds;region=us-central1/f71dae4e-a181-4b1f-8f0b-824bdba86061?project=59873729209"},{"name":"SERVICE","state":"NOT_STARTED"}],"operationType":"UPDATE_FUNCTION","buildName":"projects/59873729209/locations/us-central1/builds/f71dae4e-a181-4b1f-8f0b-824bdba86061"},"done":false}
[debug] [2026-03-23T23:18:01.026Z] [update-default-us-central1-api] Retrying task index 0
[debug] [2026-03-23T23:18:01.026Z] Checked if tokens are valid: true, expires at: 1774311433396
[debug] [2026-03-23T23:18:01.026Z] Checked if tokens are valid: true, expires at: 1774311433396
[debug] [2026-03-23T23:18:01.027Z] >>> [apiv2][query] GET https://cloudfunctions.googleapis.com/v2/projects/culturepass-b5f96/locations/us-central1/operations/operation-1774307866445-64db93e1a066e-d13a2249-d1bb2ad6 [none]
[debug] [2026-03-23T23:18:02.541Z] <<< [apiv2][status] GET https://cloudfunctions.googleapis.com/v2/projects/culturepass-b5f96/locations/us-central1/operations/operation-1774307866445-64db93e1a066e-d13a2249-d1bb2ad6 200
[debug] [2026-03-23T23:18:02.541Z] <<< [apiv2][body] GET https://cloudfunctions.googleapis.com/v2/projects/culturepass-b5f96/locations/us-central1/operations/operation-1774307866445-64db93e1a066e-d13a2249-d1bb2ad6 {"name":"projects/culturepass-b5f96/locations/us-central1/operations/operation-1774307866445-64db93e1a066e-d13a2249-d1bb2ad6","metadata":{"@type":"type.googleapis.com/google.cloud.functions.v2.OperationMetadata","createTime":"2026-03-23T23:17:47.349859589Z","target":"projects/culturepass-b5f96/locations/us-central1/functions/api","verb":"update","cancelRequested":false,"apiVersion":"v2","requestResource":{"@type":"type.googleapis.com/google.cloud.functions.v2.Function","name":"projects/culturepass-b5f96/locations/us-central1/functions/api","buildConfig":{"runtime":"nodejs22","entryPoint":"api","source":{"storageSource":{"bucket":"gcf-v2-sources-59873729209-us-central1","object":"api/function-source.zip","generation":"1774307867296552"}},"environmentVariables":{"GOOGLE_NODE_RUN_SCRIPTS":""},"dockerRepository":"projects/culturepass-b5f96/locations/us-central1/repositories/gcf-artifacts","sourceProvenance":{"resolvedStorageSource":{"bucket":"gcf-v2-sources-59873729209-us-central1","object":"api/function-source.zip","generation":"1774272301841179"}},"dockerRegistry":"ARTIFACT_REGISTRY","serviceAccount":"projects/culturepass-b5f96/serviceAccounts/59873729209-compute@developer.gserviceaccount.com","automaticUpdatePolicy":{}},"serviceConfig":{"service":"projects/culturepass-b5f96/locations/us-central1/services/api","timeoutSeconds":60,"environmentVariables":{"ROLLOUT_PHASE":"full","FIREBASE_CONFIG":"{\"projectId\":\"culturepass-b5f96\",\"storageBucket\":\"culturepass-b5f96.firebasestorage.app\"}","GCLOUD_PROJECT":"culturepass-b5f96","EVENTARC_CLOUD_EVENT_SOURCE":"projects/culturepass-b5f96/locations/us-central1/services/api","FUNCTION_TARGET":"api","LOG_EXECUTION_ID":"true"},"ingressSettings":"ALLOW_ALL","uri":"https://api-ipgxc4ftpa-uc.a.run.app","serviceAccountEmail":"59873729209-compute@developer.gserviceaccount.com","availableMemory":"256Mi","allTrafficOnLatestRevision":true,"revision":"api-00052-mey","maxInstanceRequestConcurrency":80,"availableCpu":"1"},"state":"ACTIVE","labels":{"deployment-tool":"cli-firebase","firebase-functions-hash":"6dc9a17b06615d5b94a802f18fcdf6bdb1883e0c"},"environment":"GEN_2","url":"https://us-central1-culturepass-b5f96.cloudfunctions.net/api","satisfiesPzi":true},"stages":[{"name":"BUILD","message":"Build in progress","state":"IN_PROGRESS","resource":"projects/59873729209/locations/us-central1/builds/f71dae4e-a181-4b1f-8f0b-824bdba86061","resourceUri":"https://console.cloud.google.com/cloud-build/builds;region=us-central1/f71dae4e-a181-4b1f-8f0b-824bdba86061?project=59873729209"},{"name":"SERVICE","state":"NOT_STARTED"}],"operationType":"UPDATE_FUNCTION","buildName":"projects/59873729209/locations/us-central1/builds/f71dae4e-a181-4b1f-8f0b-824bdba86061"},"done":false}
[debug] [2026-03-23T23:18:10.543Z] [update-default-us-central1-api] Retrying task index 0
[debug] [2026-03-23T23:18:10.546Z] Checked if tokens are valid: true, expires at: 1774311433396
[debug] [2026-03-23T23:18:10.547Z] Checked if tokens are valid: true, expires at: 1774311433396
[debug] [2026-03-23T23:18:10.547Z] >>> [apiv2][query] GET https://cloudfunctions.googleapis.com/v2/projects/culturepass-b5f96/locations/us-central1/operations/operation-1774307866445-64db93e1a066e-d13a2249-d1bb2ad6 [none]
[debug] [2026-03-23T23:18:12.056Z] <<< [apiv2][status] GET https://cloudfunctions.googleapis.com/v2/projects/culturepass-b5f96/locations/us-central1/operations/operation-1774307866445-64db93e1a066e-d13a2249-d1bb2ad6 200
[debug] [2026-03-23T23:18:12.056Z] <<< [apiv2][body] GET https://cloudfunctions.googleapis.com/v2/projects/culturepass-b5f96/locations/us-central1/operations/operation-1774307866445-64db93e1a066e-d13a2249-d1bb2ad6 {"name":"projects/culturepass-b5f96/locations/us-central1/operations/operation-1774307866445-64db93e1a066e-d13a2249-d1bb2ad6","metadata":{"@type":"type.googleapis.com/google.cloud.functions.v2.OperationMetadata","createTime":"2026-03-23T23:17:47.349859589Z","target":"projects/culturepass-b5f96/locations/us-central1/functions/api","verb":"update","cancelRequested":false,"apiVersion":"v2","requestResource":{"@type":"type.googleapis.com/google.cloud.functions.v2.Function","name":"projects/culturepass-b5f96/locations/us-central1/functions/api","buildConfig":{"runtime":"nodejs22","entryPoint":"api","source":{"storageSource":{"bucket":"gcf-v2-sources-59873729209-us-central1","object":"api/function-source.zip","generation":"1774307867296552"}},"environmentVariables":{"GOOGLE_NODE_RUN_SCRIPTS":""},"dockerRepository":"projects/culturepass-b5f96/locations/us-central1/repositories/gcf-artifacts","sourceProvenance":{"resolvedStorageSource":{"bucket":"gcf-v2-sources-59873729209-us-central1","object":"api/function-source.zip","generation":"1774272301841179"}},"dockerRegistry":"ARTIFACT_REGISTRY","serviceAccount":"projects/culturepass-b5f96/serviceAccounts/59873729209-compute@developer.gserviceaccount.com","automaticUpdatePolicy":{}},"serviceConfig":{"service":"projects/culturepass-b5f96/locations/us-central1/services/api","timeoutSeconds":60,"environmentVariables":{"ROLLOUT_PHASE":"full","FIREBASE_CONFIG":"{\"projectId\":\"culturepass-b5f96\",\"storageBucket\":\"culturepass-b5f96.firebasestorage.app\"}","GCLOUD_PROJECT":"culturepass-b5f96","EVENTARC_CLOUD_EVENT_SOURCE":"projects/culturepass-b5f96/locations/us-central1/services/api","FUNCTION_TARGET":"api","LOG_EXECUTION_ID":"true"},"ingressSettings":"ALLOW_ALL","uri":"https://api-ipgxc4ftpa-uc.a.run.app","serviceAccountEmail":"59873729209-compute@developer.gserviceaccount.com","availableMemory":"256Mi","allTrafficOnLatestRevision":true,"revision":"api-00052-mey","maxInstanceRequestConcurrency":80,"availableCpu":"1"},"state":"ACTIVE","labels":{"deployment-tool":"cli-firebase","firebase-functions-hash":"6dc9a17b06615d5b94a802f18fcdf6bdb1883e0c"},"environment":"GEN_2","url":"https://us-central1-culturepass-b5f96.cloudfunctions.net/api","satisfiesPzi":true},"stages":[{"name":"BUILD","message":"Build in progress","state":"IN_PROGRESS","resource":"projects/59873729209/locations/us-central1/builds/f71dae4e-a181-4b1f-8f0b-824bdba86061","resourceUri":"https://console.cloud.google.com/cloud-build/builds;region=us-central1/f71dae4e-a181-4b1f-8f0b-824bdba86061?project=59873729209"},{"name":"SERVICE","state":"NOT_STARTED"}],"operationType":"UPDATE_FUNCTION","buildName":"projects/59873729209/locations/us-central1/builds/f71dae4e-a181-4b1f-8f0b-824bdba86061"},"done":false}
[debug] [2026-03-23T23:18:22.059Z] [update-default-us-central1-api] Retrying task index 0
[debug] [2026-03-23T23:18:22.059Z] Checked if tokens are valid: true, expires at: 1774311433396
[debug] [2026-03-23T23:18:22.059Z] Checked if tokens are valid: true, expires at: 1774311433396
[debug] [2026-03-23T23:18:22.059Z] >>> [apiv2][query] GET https://cloudfunctions.googleapis.com/v2/projects/culturepass-b5f96/locations/us-central1/operations/operation-1774307866445-64db93e1a066e-d13a2249-d1bb2ad6 [none]
[debug] [2026-03-23T23:18:23.717Z] <<< [apiv2][status] GET https://cloudfunctions.googleapis.com/v2/projects/culturepass-b5f96/locations/us-central1/operations/operation-1774307866445-64db93e1a066e-d13a2249-d1bb2ad6 200
[debug] [2026-03-23T23:18:23.718Z] <<< [apiv2][body] GET https://cloudfunctions.googleapis.com/v2/projects/culturepass-b5f96/locations/us-central1/operations/operation-1774307866445-64db93e1a066e-d13a2249-d1bb2ad6 {"name":"projects/culturepass-b5f96/locations/us-central1/operations/operation-1774307866445-64db93e1a066e-d13a2249-d1bb2ad6","metadata":{"@type":"type.googleapis.com/google.cloud.functions.v2.OperationMetadata","createTime":"2026-03-23T23:17:47.349859589Z","target":"projects/culturepass-b5f96/locations/us-central1/functions/api","verb":"update","cancelRequested":false,"apiVersion":"v2","requestResource":{"@type":"type.googleapis.com/google.cloud.functions.v2.Function","name":"projects/culturepass-b5f96/locations/us-central1/functions/api","buildConfig":{"runtime":"nodejs22","entryPoint":"api","source":{"storageSource":{"bucket":"gcf-v2-sources-59873729209-us-central1","object":"api/function-source.zip","generation":"1774307867296552"}},"environmentVariables":{"GOOGLE_NODE_RUN_SCRIPTS":""},"dockerRepository":"projects/culturepass-b5f96/locations/us-central1/repositories/gcf-artifacts","sourceProvenance":{"resolvedStorageSource":{"bucket":"gcf-v2-sources-59873729209-us-central1","object":"api/function-source.zip","generation":"1774272301841179"}},"dockerRegistry":"ARTIFACT_REGISTRY","serviceAccount":"projects/culturepass-b5f96/serviceAccounts/59873729209-compute@developer.gserviceaccount.com","automaticUpdatePolicy":{}},"serviceConfig":{"service":"projects/culturepass-b5f96/locations/us-central1/services/api","timeoutSeconds":60,"environmentVariables":{"ROLLOUT_PHASE":"full","FIREBASE_CONFIG":"{\"projectId\":\"culturepass-b5f96\",\"storageBucket\":\"culturepass-b5f96.firebasestorage.app\"}","GCLOUD_PROJECT":"culturepass-b5f96","EVENTARC_CLOUD_EVENT_SOURCE":"projects/culturepass-b5f96/locations/us-central1/services/api","FUNCTION_TARGET":"api","LOG_EXECUTION_ID":"true"},"ingressSettings":"ALLOW_ALL","uri":"https://api-ipgxc4ftpa-uc.a.run.app","serviceAccountEmail":"59873729209-compute@developer.gserviceaccount.com","availableMemory":"256Mi","allTrafficOnLatestRevision":true,"revision":"api-00052-mey","maxInstanceRequestConcurrency":80,"availableCpu":"1"},"state":"ACTIVE","labels":{"deployment-tool":"cli-firebase","firebase-functions-hash":"6dc9a17b06615d5b94a802f18fcdf6bdb1883e0c"},"environment":"GEN_2","url":"https://us-central1-culturepass-b5f96.cloudfunctions.net/api","satisfiesPzi":true},"stages":[{"name":"BUILD","message":"Build in progress","state":"IN_PROGRESS","resource":"projects/59873729209/locations/us-central1/builds/f71dae4e-a181-4b1f-8f0b-824bdba86061","resourceUri":"https://console.cloud.google.com/cloud-build/builds;region=us-central1/f71dae4e-a181-4b1f-8f0b-824bdba86061?project=59873729209"},{"name":"SERVICE","state":"NOT_STARTED"}],"operationType":"UPDATE_FUNCTION","buildName":"projects/59873729209/locations/us-central1/builds/f71dae4e-a181-4b1f-8f0b-824bdba86061"},"done":false}
[debug] [2026-03-23T23:18:30.274Z] ----------------------------------------------------------------------
[debug] [2026-03-23T23:18:30.277Z] Command:       /opt/homebrew/Cellar/node/25.6.1_1/bin/node /opt/homebrew/bin/firebase deploy --only functions
[debug] [2026-03-23T23:18:30.277Z] CLI Version:   15.8.0
[debug] [2026-03-23T23:18:30.277Z] Platform:      darwin
[debug] [2026-03-23T23:18:30.277Z] Node Version:  v25.6.1
[debug] [2026-03-23T23:18:30.277Z] Time:          Tue Mar 24 2026 10:18:30 GMT+1100 (Australian Eastern Daylight Time)
[debug] [2026-03-23T23:18:30.277Z] ----------------------------------------------------------------------
[debug] 
[debug] [2026-03-23T23:18:31.102Z] > command requires scopes: ["email","openid","https://www.googleapis.com/auth/cloudplatformprojects.readonly","https://www.googleapis.com/auth/firebase","https://www.googleapis.com/auth/cloud-platform"]
[debug] [2026-03-23T23:18:31.102Z] > authorizing via signed-in user (cultureos.co@gmail.com)
[debug] [2026-03-23T23:18:31.102Z] [iam] checking project culturepass-b5f96 for permissions ["cloudfunctions.functions.create","cloudfunctions.functions.delete","cloudfunctions.functions.get","cloudfunctions.functions.list","cloudfunctions.functions.update","cloudfunctions.operations.get","firebase.projects.get"]
[debug] [2026-03-23T23:18:31.103Z] Checked if tokens are valid: true, expires at: 1774311433396
[debug] [2026-03-23T23:18:31.103Z] Checked if tokens are valid: true, expires at: 1774311433396
[debug] [2026-03-23T23:18:31.103Z] >>> [apiv2][query] POST https://cloudresourcemanager.googleapis.com/v1/projects/culturepass-b5f96:testIamPermissions [none]
[debug] [2026-03-23T23:18:31.103Z] >>> [apiv2][(partial)header] POST https://cloudresourcemanager.googleapis.com/v1/projects/culturepass-b5f96:testIamPermissions  x-goog-user-project=culturepass-b5f96
[debug] [2026-03-23T23:18:31.103Z] >>> [apiv2][body] POST https://cloudresourcemanager.googleapis.com/v1/projects/culturepass-b5f96:testIamPermissions {"permissions":["cloudfunctions.functions.create","cloudfunctions.functions.delete","cloudfunctions.functions.get","cloudfunctions.functions.list","cloudfunctions.functions.update","cloudfunctions.operations.get","firebase.projects.get"]}
[debug] [2026-03-23T23:18:31.480Z] <<< [apiv2][status] POST https://cloudresourcemanager.googleapis.com/v1/projects/culturepass-b5f96:testIamPermissions 200
[debug] [2026-03-23T23:18:31.480Z] <<< [apiv2][body] POST https://cloudresourcemanager.googleapis.com/v1/projects/culturepass-b5f96:testIamPermissions {"permissions":["cloudfunctions.functions.create","cloudfunctions.functions.delete","cloudfunctions.functions.get","cloudfunctions.functions.list","cloudfunctions.functions.update","cloudfunctions.operations.get","firebase.projects.get"]}
[debug] [2026-03-23T23:18:31.480Z] Checked if tokens are valid: true, expires at: 1774311433396
[debug] [2026-03-23T23:18:31.480Z] Checked if tokens are valid: true, expires at: 1774311433396
[debug] [2026-03-23T23:18:31.481Z] >>> [apiv2][query] POST https://iam.googleapis.com/v1/projects/culturepass-b5f96/serviceAccounts/culturepass-b5f96@appspot.gserviceaccount.com:testIamPermissions [none]
[debug] [2026-03-23T23:18:31.481Z] >>> [apiv2][body] POST https://iam.googleapis.com/v1/projects/culturepass-b5f96/serviceAccounts/culturepass-b5f96@appspot.gserviceaccount.com:testIamPermissions {"permissions":["iam.serviceAccounts.actAs"]}
[debug] [2026-03-23T23:18:32.832Z] <<< [apiv2][status] POST https://iam.googleapis.com/v1/projects/culturepass-b5f96/serviceAccounts/culturepass-b5f96@appspot.gserviceaccount.com:testIamPermissions 200
[debug] [2026-03-23T23:18:32.832Z] <<< [apiv2][body] POST https://iam.googleapis.com/v1/projects/culturepass-b5f96/serviceAccounts/culturepass-b5f96@appspot.gserviceaccount.com:testIamPermissions {"permissions":["iam.serviceAccounts.actAs"]}
[info] 
[info] === Deploying to 'culturepass-b5f96'...
[info] 
[info] i  deploying functions 
[info] Running command: npm --prefix "$RESOURCE_DIR" run build
[info] ✔  functions: Finished running predeploy script. 
[debug] [2026-03-23T23:18:41.551Z] Checked if tokens are valid: true, expires at: 1774311433396
[debug] [2026-03-23T23:18:41.552Z] Checked if tokens are valid: true, expires at: 1774311433396
[debug] [2026-03-23T23:18:41.552Z] >>> [apiv2][query] GET https://cloudresourcemanager.googleapis.com/v1/projects/culturepass-b5f96 [none]
[debug] [2026-03-23T23:18:41.946Z] <<< [apiv2][status] GET https://cloudresourcemanager.googleapis.com/v1/projects/culturepass-b5f96 200
[debug] [2026-03-23T23:18:41.946Z] <<< [apiv2][body] GET https://cloudresourcemanager.googleapis.com/v1/projects/culturepass-b5f96 {"projectNumber":"59873729209","projectId":"culturepass-b5f96","lifecycleState":"ACTIVE","name":"CulturePass","labels":{"firebase":"enabled","firebase-core":"disabled"},"createTime":"2026-03-03T11:13:30.154773Z"}
[info] i  functions: preparing codebase default for deployment 
[info] i  functions: ensuring required API cloudfunctions.googleapis.com is enabled... 
[info] i  functions: ensuring required API cloudbuild.googleapis.com is enabled... 
[info] i  artifactregistry: ensuring required API artifactregistry.googleapis.com is enabled... 
[debug] [2026-03-23T23:18:41.948Z] Checked if tokens are valid: true, expires at: 1774311433396
[debug] [2026-03-23T23:18:41.948Z] Checked if tokens are valid: true, expires at: 1774311433396
[debug] [2026-03-23T23:18:41.948Z] >>> [apiv2][query] GET https://firebase.googleapis.com/v1beta1/projects/culturepass-b5f96/adminSdkConfig [none]
[debug] [2026-03-23T23:18:42.892Z] <<< [apiv2][status] GET https://firebase.googleapis.com/v1beta1/projects/culturepass-b5f96/adminSdkConfig 200
[debug] [2026-03-23T23:18:42.894Z] <<< [apiv2][body] GET https://firebase.googleapis.com/v1beta1/projects/culturepass-b5f96/adminSdkConfig {"projectId":"culturepass-b5f96","storageBucket":"culturepass-b5f96.firebasestorage.app"}
[debug] [2026-03-23T23:18:42.900Z] Checked if tokens are valid: true, expires at: 1774311433396
[debug] [2026-03-23T23:18:42.900Z] Checked if tokens are valid: true, expires at: 1774311433396
[debug] [2026-03-23T23:18:42.903Z] >>> [apiv2][query] GET https://runtimeconfig.googleapis.com/v1beta1/projects/culturepass-b5f96/configs [none]
[debug] [2026-03-23T23:18:43.632Z] <<< [apiv2][status] GET https://runtimeconfig.googleapis.com/v1beta1/projects/culturepass-b5f96/configs 200
[debug] [2026-03-23T23:18:45.160Z] ----------------------------------------------------------------------
[debug] [2026-03-23T23:18:45.162Z] Command:       /opt/homebrew/Cellar/node/25.6.1_1/bin/node /opt/homebrew/bin/firebase deploy --only functions
[debug] [2026-03-23T23:18:45.162Z] CLI Version:   15.8.0
[debug] [2026-03-23T23:18:45.162Z] Platform:      darwin
[debug] [2026-03-23T23:18:45.163Z] Node Version:  v25.6.1
[debug] [2026-03-23T23:18:45.163Z] Time:          Tue Mar 24 2026 10:18:45 GMT+1100 (Australian Eastern Daylight Time)
[debug] [2026-03-23T23:18:45.163Z] ----------------------------------------------------------------------
[debug] 
[debug] [2026-03-23T23:18:46.031Z] > command requires scopes: ["email","openid","https://www.googleapis.com/auth/cloudplatformprojects.readonly","https://www.googleapis.com/auth/firebase","https://www.googleapis.com/auth/cloud-platform"]
[debug] [2026-03-23T23:18:46.031Z] > authorizing via signed-in user (cultureos.co@gmail.com)
[debug] [2026-03-23T23:18:46.031Z] [iam] checking project culturepass-b5f96 for permissions ["cloudfunctions.functions.create","cloudfunctions.functions.delete","cloudfunctions.functions.get","cloudfunctions.functions.list","cloudfunctions.functions.update","cloudfunctions.operations.get","firebase.projects.get"]
[debug] [2026-03-23T23:18:46.031Z] Checked if tokens are valid: true, expires at: 1774311433396
[debug] [2026-03-23T23:18:46.031Z] Checked if tokens are valid: true, expires at: 1774311433396
[debug] [2026-03-23T23:18:46.032Z] >>> [apiv2][query] POST https://cloudresourcemanager.googleapis.com/v1/projects/culturepass-b5f96:testIamPermissions [none]
[debug] [2026-03-23T23:18:46.032Z] >>> [apiv2][(partial)header] POST https://cloudresourcemanager.googleapis.com/v1/projects/culturepass-b5f96:testIamPermissions  x-goog-user-project=culturepass-b5f96
[debug] [2026-03-23T23:18:46.032Z] >>> [apiv2][body] POST https://cloudresourcemanager.googleapis.com/v1/projects/culturepass-b5f96:testIamPermissions {"permissions":["cloudfunctions.functions.create","cloudfunctions.functions.delete","cloudfunctions.functions.get","cloudfunctions.functions.list","cloudfunctions.functions.update","cloudfunctions.operations.get","firebase.projects.get"]}
